<?xml version="1.0" encoding="UTF-8"?>
<testng-results skipped="0" failed="1" total="1" passed="0">
  <reporter-output>
  </reporter-output>
  <suite name="Default suite" duration-ms="437" started-at="2018-04-26T14:10:00Z" finished-at="2018-04-26T14:10:01Z">
    <groups>
    </groups>
    <test name="Default test" duration-ms="437" started-at="2018-04-26T14:10:00Z" finished-at="2018-04-26T14:10:01Z">
      <class name="elefant.testfe.HomepageTest">
        <test-method status="PASS" signature="springTestContextBeforeTestClass()[pri:0, instance:elefant.testfe.HomepageTest@3cc2931c]" name="springTestContextBeforeTestClass" is-config="true" duration-ms="7" started-at="2018-04-26T17:10:00Z" finished-at="2018-04-26T17:10:00Z">
          <reporter-output>
          </reporter-output>
        </test-method> <!-- springTestContextBeforeTestClass -->
        <test-method status="PASS" signature="springTestContextPrepareTestInstance()[pri:0, instance:elefant.testfe.HomepageTest@3cc2931c]" name="springTestContextPrepareTestInstance" is-config="true" duration-ms="388" started-at="2018-04-26T17:10:00Z" depends-on-methods="org.springframework.test.context.testng.AbstractTestNGSpringContextTests.springTestContextBeforeTestClass" finished-at="2018-04-26T17:10:00Z">
          <reporter-output>
          </reporter-output>
        </test-method> <!-- springTestContextPrepareTestInstance -->
        <test-method status="PASS" signature="init()[pri:0, instance:elefant.testfe.HomepageTest@3cc2931c]" name="init" is-config="true" duration-ms="21" started-at="2018-04-26T17:10:00Z" finished-at="2018-04-26T17:10:00Z">
          <reporter-output>
          </reporter-output>
        </test-method> <!-- init -->
        <test-method status="PASS" signature="springTestContextBeforeTestMethod(java.lang.reflect.Method)[pri:0, instance:elefant.testfe.HomepageTest@3cc2931c]" name="springTestContextBeforeTestMethod" is-config="true" duration-ms="2" started-at="2018-04-26T17:10:00Z" finished-at="2018-04-26T17:10:00Z">
          <params>
            <param index="0">
              <value>
                <![CDATA[public void elefant.testfe.HomepageTest.testHomepageIsDisplayed()]]>
              </value>
            </param>
          </params>
          <reporter-output>
          </reporter-output>
        </test-method> <!-- springTestContextBeforeTestMethod -->
        <test-method status="FAIL" signature="testHomepageIsDisplayed()[pri:0, instance:elefant.testfe.HomepageTest@3cc2931c]" name="testHomepageIsDisplayed" duration-ms="6" started-at="2018-04-26T17:10:00Z" finished-at="2018-04-26T17:10:01Z">
          <exception class="java.lang.NullPointerException">
            <full-stacktrace>
              <![CDATA[java.lang.NullPointerException
	at elefant.testfe.HomePage.isDisplayed(HomePage.java:28)
	at elefant.testfe.HomepageTest.testHomepageIsDisplayed(HomepageTest.java:20)
	at sun.reflect.NativeMethodAccessorImpl.invoke0(Native Method)
	at sun.reflect.NativeMethodAccessorImpl.invoke(NativeMethodAccessorImpl.java:62)
	at sun.reflect.DelegatingMethodAccessorImpl.invoke(DelegatingMethodAccessorImpl.java:43)
	at java.lang.reflect.Method.invoke(Method.java:498)
	at org.testng.internal.MethodInvocationHelper.invokeMethod(MethodInvocationHelper.java:80)
	at org.testng.internal.MethodInvocationHelper$1.runTestMethod(MethodInvocationHelper.java:182)
	at org.springframework.test.context.testng.AbstractTestNGSpringContextTests.run(AbstractTestNGSpringContextTests.java:180)
	at sun.reflect.NativeMethodAccessorImpl.invoke0(Native Method)
	at sun.reflect.NativeMethodAccessorImpl.invoke(NativeMethodAccessorImpl.java:62)
	at sun.reflect.DelegatingMethodAccessorImpl.invoke(DelegatingMethodAccessorImpl.java:43)
	at java.lang.reflect.Method.invoke(Method.java:498)
	at org.testng.internal.MethodInvocationHelper.invokeHookable(MethodInvocationHelper.java:194)
	at org.testng.internal.Invoker.invokeMethod(Invoker.java:707)
	at org.testng.internal.Invoker.invokeTestMethod(Invoker.java:901)
	at org.testng.internal.Invoker.invokeTestMethods(Invoker.java:1231)
	at org.testng.internal.TestMethodWorker.invokeTestMethods(TestMethodWorker.java:127)
	at org.testng.internal.TestMethodWorker.run(TestMethodWorker.java:111)
	at org.testng.TestRunner.privateRun(TestRunner.java:767)
	at org.testng.TestRunner.run(TestRunner.java:617)
	at org.testng.SuiteRunner.runTest(SuiteRunner.java:334)
	at org.testng.SuiteRunner.runSequentially(SuiteRunner.java:329)
	at org.testng.SuiteRunner.privateRun(SuiteRunner.java:291)
	at org.testng.SuiteRunner.run(SuiteRunner.java:240)
	at org.testng.SuiteRunnerWorker.runSuite(SuiteRunnerWorker.java:52)
	at org.testng.SuiteRunnerWorker.run(SuiteRunnerWorker.java:86)
	at org.testng.TestNG.runSuitesSequentially(TestNG.java:1198)
	at org.testng.TestNG.runSuitesLocally(TestNG.java:1123)
	at org.testng.TestNG.run(TestNG.java:1031)
	at org.testng.remote.AbstractRemoteTestNG.run(AbstractRemoteTestNG.java:114)
	at org.testng.remote.RemoteTestNG.initAndRun(RemoteTestNG.java:251)
	at org.testng.remote.RemoteTestNG.main(RemoteTestNG.java:77)
]]>
            </full-stacktrace>
          </exception> <!-- java.lang.NullPointerException -->
          <reporter-output>
          </reporter-output>
        </test-method> <!-- testHomepageIsDisplayed -->
        <test-method status="PASS" signature="springTestContextAfterTestMethod(java.lang.reflect.Method)[pri:0, instance:elefant.testfe.HomepageTest@3cc2931c]" name="springTestContextAfterTestMethod" is-config="true" duration-ms="1" started-at="2018-04-26T17:10:01Z" finished-at="2018-04-26T17:10:01Z">
          <params>
            <param index="0">
              <value>
                <![CDATA[public void elefant.testfe.HomepageTest.testHomepageIsDisplayed()]]>
              </value>
            </param>
          </params>
          <reporter-output>
          </reporter-output>
        </test-method> <!-- springTestContextAfterTestMethod -->
        <test-method status="PASS" signature="tearDown()[pri:0, instance:elefant.testfe.HomepageTest@3cc2931c]" name="tearDown" is-config="true" duration-ms="1" started-at="2018-04-26T17:10:01Z" finished-at="2018-04-26T17:10:01Z">
          <reporter-output>
          </reporter-output>
        </test-method> <!-- tearDown -->
        <test-method status="PASS" signature="springTestContextAfterTestClass()[pri:0, instance:elefant.testfe.HomepageTest@3cc2931c]" name="springTestContextAfterTestClass" is-config="true" duration-ms="0" started-at="2018-04-26T17:10:01Z" finished-at="2018-04-26T17:10:01Z">
          <reporter-output>
          </reporter-output>
        </test-method> <!-- springTestContextAfterTestClass -->
      </class> <!-- elefant.testfe.HomepageTest -->
    </test> <!-- Default test -->
  </suite> <!-- Default suite -->
</testng-results>
